<?xml version="1.0" encoding="UTF-8"?>
<testng-results ignored="0" total="3" passed="3" failed="0" skipped="0">
  <reporter-output>
  </reporter-output>
  <suite started-at="2024-12-27T20:54:10 IST" name="OrangeHRM Test Suite" finished-at="2024-12-27T20:54:41 IST" duration-ms="30540">
    <groups>
    </groups>
    <test started-at="2024-12-27T20:54:10 IST" name="Dashboard Tests" finished-at="2024-12-27T20:54:41 IST" duration-ms="30540">
      <class name="DashboardTests">
        <test-method is-config="true" signature="setUp()[pri:0, instance:DashboardTests@22555ebf]" started-at="2024-12-27T20:54:10 IST" name="setUp" finished-at="2024-12-27T20:54:15 IST" duration-ms="4873" status="PASS">
          <reporter-output>
          </reporter-output>
        </test-method> <!-- setUp -->
        <test-method signature="validateWidgetNavigation()[pri:0, instance:DashboardTests@22555ebf]" started-at="2024-12-27T20:54:15 IST" name="validateWidgetNavigation" finished-at="2024-12-27T20:54:24 IST" duration-ms="8846" status="PASS">
          <reporter-output>
          </reporter-output>
        </test-method> <!-- validateWidgetNavigation -->
        <test-method is-config="true" signature="tearDown()[pri:0, instance:DashboardTests@22555ebf]" started-at="2024-12-27T20:54:24 IST" name="tearDown" finished-at="2024-12-27T20:54:24 IST" duration-ms="0" status="PASS">
          <reporter-output>
          </reporter-output>
        </test-method> <!-- tearDown -->
        <test-method is-config="true" signature="setUp()[pri:0, instance:DashboardTests@22555ebf]" started-at="2024-12-27T20:54:24 IST" name="setUp" finished-at="2024-12-27T20:54:29 IST" duration-ms="4802" status="PASS">
          <reporter-output>
          </reporter-output>
        </test-method> <!-- setUp -->
        <test-method signature="validateWidgetVisibility()[pri:0, instance:DashboardTests@22555ebf]" started-at="2024-12-27T20:54:29 IST" name="validateWidgetVisibility" finished-at="2024-12-27T20:54:32 IST" duration-ms="3461" status="PASS">
          <reporter-output>
          </reporter-output>
        </test-method> <!-- validateWidgetVisibility -->
        <test-method is-config="true" signature="tearDown()[pri:0, instance:DashboardTests@22555ebf]" started-at="2024-12-27T20:54:32 IST" name="tearDown" finished-at="2024-12-27T20:54:32 IST" duration-ms="142" status="PASS">
          <reporter-output>
          </reporter-output>
        </test-method> <!-- tearDown -->
        <test-method is-config="true" signature="setUp()[pri:0, instance:DashboardTests@22555ebf]" started-at="2024-12-27T20:54:32 IST" name="setUp" finished-at="2024-12-27T20:54:36 IST" duration-ms="4234" status="PASS">
          <reporter-output>
          </reporter-output>
        </test-method> <!-- setUp -->
        <test-method signature="verifyNavigationFromApplyLeaveWidget()[pri:0, instance:DashboardTests@22555ebf]" started-at="2024-12-27T20:54:36 IST" name="verifyNavigationFromApplyLeaveWidget" finished-at="2024-12-27T20:54:40 IST" duration-ms="3979" status="PASS">
          <reporter-output>
          </reporter-output>
        </test-method> <!-- verifyNavigationFromApplyLeaveWidget -->
        <test-method is-config="true" signature="tearDown()[pri:0, instance:DashboardTests@22555ebf]" started-at="2024-12-27T20:54:40 IST" name="tearDown" finished-at="2024-12-27T20:54:41 IST" duration-ms="167" status="PASS">
          <reporter-output>
          </reporter-output>
        </test-method> <!-- tearDown -->
      </class> <!-- DashboardTests -->
    </test> <!-- Dashboard Tests -->
  </suite> <!-- OrangeHRM Test Suite -->
</testng-results>
